<?xml version="1.0" encoding="UTF-8"?>
<!-- Generated by org.testng.reporters.JUnitXMLReporter -->
<testsuite ignored="0" hostname="shubh-Predator-PH315-52" failures="2" tests="10" name="Test" time="31.611" errors="0" timestamp="2022-10-10T15:16:50 IST">
  <testcase classname="FlipkartPackage.FlipkartTest" name="t0_CheckLoginTest" time="0.369"/>
  <testcase classname="FlipkartPackage.FlipkartTest" name="t1_CheckUsernameField" time="0.076"/>
  <testcase classname="FlipkartPackage.FlipkartTest" name="t2_CheckPasswordField" time="0.08"/>
  <testcase classname="FlipkartPackage.FlipkartTest" name="t3_ClickCloseButton" time="0.343"/>
  <testcase classname="FlipkartPackage.FlipkartTest" name="t4_VerifyTopCategories" time="1.686">
    <failure type="java.lang.AssertionError">
      <![CDATA[java.lang.AssertionError
at FlipkartPackage.FlipkartTest.t4_VerifyTopCategories(FlipkartTest.java:149)
at java.base/java.util.ArrayList.forEach(ArrayList.java:1511)
... Removed 27 stack frames]]>
    </failure>
  </testcase> <!-- t4_VerifyTopCategories -->
  <testcase classname="FlipkartPackage.FlipkartTest" name="t5_ClickMobileCategory" time="0.057"/>
  <testcase classname="FlipkartPackage.FlipkartTest" name="t6_ClickFirstPhone" time="0.073"/>
  <testcase classname="FlipkartPackage.FlipkartTest" name="t7_CheckFilterTitle" time="0.997"/>
  <testcase classname="FlipkartPackage.FlipkartTest" name="t8_set_price" time="0.227"/>
  <testcase classname="FlipkartPackage.FlipkartTest" name="t9_ScrollAndFindNeedHelp" time="5.068">
    <failure type="java.lang.AssertionError">
      <![CDATA[java.lang.AssertionError
at FlipkartPackage.FlipkartTest.t9_ScrollAndFindNeedHelp(FlipkartTest.java:244)
at java.base/java.util.ArrayList.forEach(ArrayList.java:1511)
... Removed 27 stack frames]]>
    </failure>
  </testcase> <!-- t9_ScrollAndFindNeedHelp -->
</testsuite> <!-- Test -->
